#
# A fatal error has been detected by the Java Runtime Environment:
#
#  EXCEPTION_ACCESS_VIOLATION (0xc0000005) at pc=0x00007ffc9bdf7631, pid=22148, tid=0x00000000000038a8
#
# JRE version: Java(TM) SE Runtime Environment (8.0_201-b09) (build 1.8.0_201-b09)
# Java VM: Java HotSpot(TM) 64-Bit Server VM (25.201-b09 mixed mode windows-amd64 compressed oops)
# Problematic frame:
# C  [jfxwebkit.dll+0x1737631]
#
# Failed to write core dump. Minidumps are not enabled by default on client versions of Windows
#
# If you would like to submit a bug report, please visit:
#   http://bugreport.java.com/bugreport/crash.jsp
# The crash happened outside the Java Virtual Machine in native code.
# See problematic frame for where to report the bug.
#

---------------  T H R E A D  ---------------

Current thread (0x000000001ca31000):  JavaThread "JavaFX Application Thread" [_thread_in_native, id=14504, stack(0x0000000025380000,0x0000000025480000)]

siginfo: ExceptionCode=0xc0000005, writing address 0x00000000bbadbeef

Registers:
RAX=0x0000000000000000, RBX=0x0000000070ae5010, RCX=0x2a64af2345cf0000, RDX=0x00007ffce4f9b770
RSP=0x0000000025477020, RBP=0x0000000000000001, RSI=0x0000000024f6b440, RDI=0x0000000024e34bd0
R8 =0x00000000254752a8, R9 =0x0000000025476881, R10=0x0000000000000000, R11=0x0000000025476e20
R12=0x0000000000000000, R13=0x0000000000000000, R14=0x0000000025477508, R15=0x0000000000000000
RIP=0x00007ffc9bdf7631, EFLAGS=0x0000000000010246

Top of Stack: (sp=0x0000000025477020)
0x0000000025477020:   0000000070ae5010 0000000000000000
0x0000000025477030:   0000000025477120 0000000000000000
0x0000000025477040:   000000000000000c 0000000000000000
0x0000000025477050:   00007ffc9be1f289 00007ffc9bdf761e
0x0000000025477060:   00007ffc9af4a63e 00007ffc9afa65d2
0x0000000025477070:   00007ffc9afacb84 00007ffc9afb6c34
0x0000000025477080:   00007ffc9afd192e 00007ffc9a6e30e2
0x0000000025477090:   00007ffc9afccc8f 00007ffc9afae63c
0x00000000254770a0:   00007ffc9afa59ca 0000000002c08627
0x00000000254770b0:   00000003fffffc19 0000000700000007
0x00000000254770c0:   0000001000000007 0000001600000015
0x00000000254770d0:   0000001e0000001e 0000000000000000
0x00000000254770e0:   00000003fffffc19 000000000000001e
0x00000000254770f0:   000000000000001e 000000006c10cbe0
0x0000000025477100:   0000000100000208 000000001ca31000
0x0000000025477110:   0000000100000208 0000000000000105 

Instructions: (pc=0x00007ffc9bdf7631)
0x00007ffc9bdf7611:   00 00 00 48 8d 4c 24 30 e8 52 7c 02 00 8b 54 24
0x00007ffc9bdf7621:   20 48 8d 4c 24 40 83 c2 fe e8 e1 fe ff ff 33 c0
0x00007ffc9bdf7631:   a3 ef be ad bb 00 00 00 00 ff d0 48 8b 8c 24 40
0x00007ffc9bdf7641:   01 00 00 48 33 cc e8 84 27 1e 00 48 81 c4 58 01 


Register to memory mapping:

RAX=0x0000000000000000 is an unknown value
RBX=0x0000000070ae5010 is an unknown value
RCX=0x2a64af2345cf0000 is an unknown value
RDX=0x00007ffce4f9b770 is an unknown value
RSP=0x0000000025477020 is pointing into the stack for thread: 0x000000001ca31000
RBP=0x0000000000000001 is an unknown value
RSI=0x0000000024f6b440 is an unknown value
RDI=0x0000000024e34bd0 is an unknown value
R8 =0x00000000254752a8 is pointing into the stack for thread: 0x000000001ca31000
R9 =0x0000000025476881 is pointing into the stack for thread: 0x000000001ca31000
R10=0x0000000000000000 is an unknown value
R11=0x0000000025476e20 is pointing into the stack for thread: 0x000000001ca31000
R12=0x0000000000000000 is an unknown value
R13=0x0000000000000000 is an unknown value
R14=0x0000000025477508 is pointing into the stack for thread: 0x000000001ca31000
R15=0x0000000000000000 is an unknown value


Stack: [0x0000000025380000,0x0000000025480000],  sp=0x0000000025477020,  free space=988k
Native frames: (J=compiled Java code, j=interpreted, Vv=VM code, C=native code)
C  [jfxwebkit.dll+0x1737631]
C  [jfxwebkit.dll+0x88a63e]
C  [jfxwebkit.dll+0x8e65d2]
C  [jfxwebkit.dll+0x8ecb84]
C  [jfxwebkit.dll+0x8f6c34]
C  [jfxwebkit.dll+0x91192e]
C  [jfxwebkit.dll+0x230e2]
C  [jfxwebkit.dll+0x90cc8f]
C  [jfxwebkit.dll+0x8ee63c]
C  [jfxwebkit.dll+0x8e59ca]
C  0x0000000002c08627

Java frames: (J=compiled Java code, j=interpreted, Vv=VM code)
j  com.sun.webkit.WebPage.twkRefresh(J)V+0
j  com.sun.webkit.WebPage.refresh(J)V+80
j  javafx.scene.web.WebEngine.reload()V+14
j  JFXTest$2.changed(Ljavafx/beans/value/ObservableValue;Ljava/lang/Object;Ljava/lang/Object;)V+55
j  com.sun.javafx.binding.ExpressionHelper$SingleChange.fireValueChangedEvent()V+71
J 3458 C1 javafx.beans.property.ReadOnlyObjectPropertyBase.fireValueChangedEvent()V (8 bytes) @ 0x00000000037998c4 [0x0000000003799740+0x184]
j  javafx.beans.property.ReadOnlyObjectWrapper.fireValueChangedEvent()V+15
J 1466 C1 javafx.beans.property.ObjectPropertyBase.set(Ljava/lang/Object;)V (110 bytes) @ 0x000000000324cc64 [0x000000000324c4a0+0x7c4]
j  javafx.scene.web.WebEngine$LoadWorker.updateState(Ljavafx/concurrent/Worker$State;)V+8
j  javafx.scene.web.WebEngine$LoadWorker.dispatchLoadEvent(JILjava/lang/String;Ljava/lang/String;DI)V+197
j  javafx.scene.web.WebEngine$LoadWorker.access$1200(Ljavafx/scene/web/WebEngine$LoadWorker;JILjava/lang/String;Ljava/lang/String;DI)V+11
j  javafx.scene.web.WebEngine$PageLoadListener.dispatchLoadEvent(JILjava/lang/String;Ljava/lang/String;DI)V+32
j  com.sun.webkit.WebPage.fireLoadEvent(JILjava/lang/String;Ljava/lang/String;DI)V+45
j  com.sun.webkit.WebPage.fwkFireLoadEvent(JILjava/lang/String;Ljava/lang/String;DI)V+94
v  ~StubRoutines::call_stub
J 3034  com.sun.webkit.Timer.twkFireTimerEvent()V (0 bytes) @ 0x0000000003679d3e [0x0000000003679d00+0x3e]
J 3070 C1 com.sun.webkit.Timer.fireTimerEvent(J)V (65 bytes) @ 0x000000000368ac1c [0x000000000368a7c0+0x45c]
J 3069 C1 com.sun.webkit.Timer.notifyTick()V (29 bytes) @ 0x000000000368a36c [0x000000000368a100+0x26c]
J 3033 C1 javafx.scene.web.WebEngine$PulseTimer$$Lambda$169.run()V (4 bytes) @ 0x0000000003673264 [0x0000000003673100+0x164]
J 1851 C1 com.sun.javafx.application.PlatformImpl$$Lambda$63.run()Ljava/lang/Object; (8 bytes) @ 0x0000000003335a0c [0x00000000033358c0+0x14c]
v  ~StubRoutines::call_stub
J 753  java.security.AccessController.doPrivileged(Ljava/security/PrivilegedAction;Ljava/security/AccessControlContext;)Ljava/lang/Object; (0 bytes) @ 0x0000000003066b26 [0x0000000003066ac0+0x66]
J 1848 C1 com.sun.javafx.application.PlatformImpl.lambda$runLater$173(Ljava/lang/Runnable;Ljava/security/AccessControlContext;)V (38 bytes) @ 0x0000000003336254 [0x0000000003335e40+0x414]
J 1847 C1 com.sun.javafx.application.PlatformImpl$$Lambda$62.run()V (12 bytes) @ 0x0000000003331344 [0x00000000033312c0+0x84]
J 1843 C1 com.sun.glass.ui.InvokeLaterDispatcher$Future.run()V (91 bytes) @ 0x000000000333178c [0x0000000003331680+0x10c]
v  ~StubRoutines::call_stub
j  com.sun.glass.ui.win.WinApplication._runLoop(Ljava/lang/Runnable;)V+0
j  com.sun.glass.ui.win.WinApplication.lambda$null$147(ILjava/lang/Runnable;)V+8
j  com.sun.glass.ui.win.WinApplication$$Lambda$52.run()V+12
j  java.lang.Thread.run()V+11
v  ~StubRoutines::call_stub

---------------  P R O C E S S  ---------------

Java Threads: ( => current thread )
  0x000000001ceaa800 JavaThread "URL-Loader-21" daemon [_thread_blocked, id=18120, stack(0x0000000072d40000,0x0000000072e40000)]
  0x000000001ceac000 JavaThread "URL-Loader-20" daemon [_thread_blocked, id=12644, stack(0x0000000072a40000,0x0000000072b40000)]
  0x000000001ceab000 JavaThread "URL-Loader-19" daemon [_thread_blocked, id=11228, stack(0x0000000072830000,0x0000000072930000)]
  0x000000001cea9800 JavaThread "URL-Loader-18" daemon [_thread_blocked, id=23872, stack(0x00000000288f0000,0x00000000289f0000)]
  0x000000001cea5000 JavaThread "URL-Loader-17" daemon [_thread_blocked, id=21756, stack(0x0000000072130000,0x0000000072230000)]
  0x000000001cea9000 JavaThread "URL-Loader-16" daemon [_thread_blocked, id=10612, stack(0x0000000072030000,0x0000000072130000)]
  0x000000001c8ff800 JavaThread "URL-Loader-15" daemon [_thread_blocked, id=24760, stack(0x0000000071f30000,0x0000000072030000)]
  0x000000001c8ff000 JavaThread "URL-Loader-14" daemon [_thread_blocked, id=20236, stack(0x0000000071e30000,0x0000000071f30000)]
  0x000000001c8fe000 JavaThread "URL-Loader-13" daemon [_thread_blocked, id=22444, stack(0x0000000071d30000,0x0000000071e30000)]
  0x000000001c8fd800 JavaThread "URL-Loader-12" daemon [_thread_blocked, id=1316, stack(0x0000000071c30000,0x0000000071d30000)]
  0x000000001c900800 JavaThread "URL-Loader-11" daemon [_thread_blocked, id=15084, stack(0x0000000071b30000,0x0000000071c30000)]
  0x000000001c8fc800 JavaThread "URL-Loader-9" daemon [_thread_blocked, id=25128, stack(0x0000000071930000,0x0000000071a30000)]
  0x000000001c8f5000 JavaThread "URL-Loader-8" daemon [_thread_blocked, id=8532, stack(0x0000000071830000,0x0000000071930000)]
  0x000000001c8f9000 JavaThread "SocketStreamHandle-1" daemon [_thread_in_native, id=24940, stack(0x0000000071730000,0x0000000071830000)]
  0x000000001c8fa800 JavaThread "URL-Loader-7" daemon [_thread_blocked, id=15316, stack(0x0000000071530000,0x0000000071630000)]
  0x000000001c8fb000 JavaThread "URL-Loader-6" daemon [_thread_blocked, id=9828, stack(0x0000000071430000,0x0000000071530000)]
  0x000000001c8f8000 JavaThread "URL-Loader-5" daemon [_thread_blocked, id=14316, stack(0x0000000071330000,0x0000000071430000)]
  0x000000001c8fc000 JavaThread "URL-Loader-4" daemon [_thread_blocked, id=2928, stack(0x0000000071130000,0x0000000071230000)]
  0x000000001c8f9800 JavaThread "URL-Loader-3" daemon [_thread_blocked, id=14080, stack(0x0000000071030000,0x0000000071130000)]
  0x000000001c8f2800 JavaThread "URL-Loader-2" daemon [_thread_blocked, id=2752, stack(0x000000006e890000,0x000000006e990000)]
  0x000000001c8f6800 JavaThread "Keep-Alive-Timer" daemon [_thread_blocked, id=4752, stack(0x000000006e590000,0x000000006e690000)]
  0x000000001c8f4000 JavaThread "URL-Loader-1" daemon [_thread_blocked, id=23804, stack(0x000000006e390000,0x000000006e490000)]
  0x000000001c8f1000 JavaThread "Disposer" daemon [_thread_blocked, id=20904, stack(0x000000006e090000,0x000000006e190000)]
  0x000000001c8f3800 JavaThread "Prism Font Disposer" daemon [_thread_blocked, id=18096, stack(0x000000006d790000,0x000000006d890000)]
  0x000000001cb91000 JavaThread "D3D Screen Updater" daemon [_thread_blocked, id=13096, stack(0x0000000026cc0000,0x0000000026dc0000)]
  0x0000000002aee000 JavaThread "DestroyJavaVM" [_thread_blocked, id=20356, stack(0x0000000002980000,0x0000000002a80000)]
  0x000000001caa6800 JavaThread "Thread-4" daemon [_thread_in_native, id=15200, stack(0x00000000265b0000,0x00000000266b0000)]
  0x000000001ca89800 JavaThread "AWT-EventQueue-0" [_thread_blocked, id=14468, stack(0x00000000268b0000,0x00000000269b0000)]
=>0x000000001ca31000 JavaThread "JavaFX Application Thread" [_thread_in_native, id=14504, stack(0x0000000025380000,0x0000000025480000)]
  0x000000001ca47800 JavaThread "Thread-2" daemon [_thread_blocked, id=12520, stack(0x0000000025280000,0x0000000025380000)]
  0x000000001ca42800 JavaThread "QuantumRenderer-0" daemon [_thread_blocked, id=12600, stack(0x0000000024980000,0x0000000024a80000)]
  0x000000001c969000 JavaThread "AWT-Windows" daemon [_thread_in_native, id=4828, stack(0x000000001d240000,0x000000001d340000)]
  0x000000001c968000 JavaThread "AWT-Shutdown" [_thread_blocked, id=10316, stack(0x000000001d140000,0x000000001d240000)]
  0x000000001c91e000 JavaThread "Java2D Disposer" daemon [_thread_blocked, id=11092, stack(0x000000001d040000,0x000000001d140000)]
  0x0000000019cbf000 JavaThread "Service Thread" daemon [_thread_blocked, id=22232, stack(0x000000001c470000,0x000000001c570000)]
  0x0000000019be4800 JavaThread "C1 CompilerThread11" daemon [_thread_blocked, id=21300, stack(0x000000001c370000,0x000000001c470000)]
  0x0000000019be3800 JavaThread "C1 CompilerThread10" daemon [_thread_blocked, id=3064, stack(0x000000001c270000,0x000000001c370000)]
  0x0000000019be3000 JavaThread "C1 CompilerThread9" daemon [_thread_blocked, id=14640, stack(0x000000001c170000,0x000000001c270000)]
  0x0000000019be2000 JavaThread "C1 CompilerThread8" daemon [_thread_blocked, id=13676, stack(0x000000001bf70000,0x000000001c070000)]
  0x0000000019be1800 JavaThread "C2 CompilerThread7" daemon [_thread_blocked, id=19312, stack(0x000000001be70000,0x000000001bf70000)]
  0x0000000019be0800 JavaThread "C2 CompilerThread6" daemon [_thread_blocked, id=8068, stack(0x000000001bd70000,0x000000001be70000)]
  0x0000000019be0000 JavaThread "C2 CompilerThread5" daemon [_thread_blocked, id=10028, stack(0x000000001bc70000,0x000000001bd70000)]
  0x0000000019bdf000 JavaThread "C2 CompilerThread4" daemon [_thread_blocked, id=18916, stack(0x000000001bb70000,0x000000001bc70000)]
  0x0000000019bde800 JavaThread "C2 CompilerThread3" daemon [_thread_blocked, id=13984, stack(0x000000001ba70000,0x000000001bb70000)]
  0x0000000019be5000 JavaThread "C2 CompilerThread2" daemon [_thread_blocked, id=17116, stack(0x000000001b970000,0x000000001ba70000)]
  0x0000000019bdc000 JavaThread "C2 CompilerThread1" daemon [_thread_blocked, id=19860, stack(0x000000001b870000,0x000000001b970000)]
  0x0000000019bd6800 JavaThread "C2 CompilerThread0" daemon [_thread_blocked, id=24116, stack(0x000000001b770000,0x000000001b870000)]
  0x0000000019bd6000 JavaThread "Attach Listener" daemon [_thread_blocked, id=20292, stack(0x000000001b670000,0x000000001b770000)]
  0x0000000019bd1800 JavaThread "Signal Dispatcher" daemon [_thread_blocked, id=20820, stack(0x000000001b570000,0x000000001b670000)]
  0x0000000019b66800 JavaThread "Finalizer" daemon [_thread_blocked, id=12816, stack(0x000000001b3e0000,0x000000001b4e0000)]
  0x00000000180fd800 JavaThread "Reference Handler" daemon [_thread_blocked, id=1872, stack(0x000000001b2e0000,0x000000001b3e0000)]

Other Threads:
  0x00000000180f6000 VMThread [stack: 0x000000001b1e0000,0x000000001b2e0000] [id=5680]
  0x0000000019cd9800 WatcherThread [stack: 0x000000001c570000,0x000000001c670000] [id=292]

VM state:not at safepoint (normal execution)

VM Mutex/Monitor currently owned by a thread: None

OutOfMemory and StackOverflow Exception counts:
StackOverflowErrors=6

heap address: 0x0000000080a00000, size: 2038 MB, Compressed Oops mode: 32-bit
Narrow klass base: 0x0000000000000000, Narrow klass shift: 3
Compressed class space size: 1073741824 Address: 0x0000000100000000

Heap:
 PSYoungGen      total 38400K, used 26959K [0x00000000d5900000, 0x00000000d8c00000, 0x0000000100000000)
  eden space 33280K, 65% used [0x00000000d5900000,0x00000000d6e545f8,0x00000000d7980000)
  from space 5120K, 99% used [0x00000000d7980000,0x00000000d7e7f808,0x00000000d7e80000)
  to   space 5120K, 0% used [0x00000000d8700000,0x00000000d8700000,0x00000000d8c00000)
 ParOldGen       total 74752K, used 10838K [0x0000000080a00000, 0x0000000085300000, 0x00000000d5900000)
  object space 74752K, 14% used [0x0000000080a00000,0x0000000081495b70,0x0000000085300000)
 Metaspace       used 25268K, capacity 26138K, committed 26368K, reserved 1073152K
  class space    used 3298K, capacity 3520K, committed 3584K, reserved 1048576K

Card table byte_map: [0x0000000011fb0000,0x00000000123b0000] byte_map_base: 0x0000000011bab000

Marking Bits: (ParMarkBitMap*) 0x000000006c7f4ce0
 Begin Bits: [0x0000000013360000, 0x0000000015338000)
 End Bits:   [0x0000000015338000, 0x0000000017310000)

Polling page: 0x00000000003e0000

CodeCache: size=245760Kb used=11710Kb max_used=12290Kb free=234049Kb
 bounds [0x0000000002bf0000, 0x0000000003800000, 0x0000000011bf0000]
 total_blobs=4258 nmethods=3378 adapters=790
 compilation: enabled

Compilation events (10 events):
Event: 19.934 Thread 0x0000000019be0800 3667       4       java.lang.invoke.LambdaForm$DMH/312714112::invokeStatic_L_L (14 bytes)
Event: 19.934 Thread 0x0000000019be4800 3665       3       javafx.beans.property.BooleanPropertyBase::set (110 bytes)
Event: 19.935 Thread 0x0000000019be3000 nmethod 3664 0x000000000328ae90 code [0x000000000328b000, 0x000000000328b238]
Event: 19.935 Thread 0x0000000019be3800 nmethod 3663 0x000000000308f790 code [0x000000000308f920, 0x000000000308fd18]
Event: 19.936 Thread 0x0000000019be0800 nmethod 3667 0x00000000030733d0 code [0x0000000003073520, 0x00000000030735c8]
Event: 19.936 Thread 0x0000000019be1800 nmethod 3666 0x00000000031cef90 code [0x00000000031cf0e0, 0x00000000031cf198]
Event: 19.936 Thread 0x0000000019be4800 nmethod 3665 0x0000000002f5b850 code [0x0000000002f5bb60, 0x0000000002f5d438]
Event: 19.937 Thread 0x0000000019be3000 3668       1       com.sun.javafx.webkit.theme.RenderThemeImpl$ViewListener::access$100 (5 bytes)
Event: 19.937 Thread 0x0000000019be3000 nmethod 3668 0x00000000031cf810 code [0x00000000031cf960, 0x00000000031cfa50]
Event: 19.937 Thread 0x0000000019be2000 nmethod 3662 0x0000000002f79890 code [0x0000000002f79e00, 0x0000000002f7dac8]

GC Heap History (8 events):
Event: 0.999 GC heap before
{Heap before GC invocations=1 (full 0):
 PSYoungGen      total 38400K, used 33280K [0x00000000d5900000, 0x00000000d8380000, 0x0000000100000000)
  eden space 33280K, 100% used [0x00000000d5900000,0x00000000d7980000,0x00000000d7980000)
  from space 5120K, 0% used [0x00000000d7e80000,0x00000000d7e80000,0x00000000d8380000)
  to   space 5120K, 0% used [0x00000000d7980000,0x00000000d7980000,0x00000000d7e80000)
 ParOldGen       total 87552K, used 0K [0x0000000080a00000, 0x0000000085f80000, 0x00000000d5900000)
  object space 87552K, 0% used [0x0000000080a00000,0x0000000080a00000,0x0000000085f80000)
 Metaspace       used 17869K, capacity 18540K, committed 18816K, reserved 1064960K
  class space    used 2447K, capacity 2633K, committed 2688K, reserved 1048576K
Event: 1.003 GC heap after
Heap after GC invocations=1 (full 0):
 PSYoungGen      total 38400K, used 5102K [0x00000000d5900000, 0x00000000d8380000, 0x0000000100000000)
  eden space 33280K, 0% used [0x00000000d5900000,0x00000000d5900000,0x00000000d7980000)
  from space 5120K, 99% used [0x00000000d7980000,0x00000000d7e7bb60,0x00000000d7e80000)
  to   space 5120K, 0% used [0x00000000d7e80000,0x00000000d7e80000,0x00000000d8380000)
 ParOldGen       total 87552K, used 2641K [0x0000000080a00000, 0x0000000085f80000, 0x00000000d5900000)
  object space 87552K, 3% used [0x0000000080a00000,0x0000000080c94710,0x0000000085f80000)
 Metaspace       used 17869K, capacity 18540K, committed 18816K, reserved 1064960K
  class space    used 2447K, capacity 2633K, committed 2688K, reserved 1048576K
}
Event: 1.249 GC heap before
{Heap before GC invocations=2 (full 0):
 PSYoungGen      total 38400K, used 18138K [0x00000000d5900000, 0x00000000d8380000, 0x0000000100000000)
  eden space 33280K, 39% used [0x00000000d5900000,0x00000000d65bae68,0x00000000d7980000)
  from space 5120K, 99% used [0x00000000d7980000,0x00000000d7e7bb60,0x00000000d7e80000)
  to   space 5120K, 0% used [0x00000000d7e80000,0x00000000d7e80000,0x00000000d8380000)
 ParOldGen       total 87552K, used 2641K [0x0000000080a00000, 0x0000000085f80000, 0x00000000d5900000)
  object space 87552K, 3% used [0x0000000080a00000,0x0000000080c94710,0x0000000085f80000)
 Metaspace       used 20407K, capacity 21108K, committed 21248K, reserved 1067008K
  class space    used 2768K, capacity 2967K, committed 3072K, reserved 1048576K
Event: 1.254 GC heap after
Heap after GC invocations=2 (full 0):
 PSYoungGen      total 38400K, used 5109K [0x00000000d5900000, 0x00000000da400000, 0x0000000100000000)
  eden space 33280K, 0% used [0x00000000d5900000,0x00000000d5900000,0x00000000d7980000)
  from space 5120K, 99% used [0x00000000d7e80000,0x00000000d837d798,0x00000000d8380000)
  to   space 5120K, 0% used [0x00000000d7980000,0x00000000d7980000,0x00000000d7e80000)
 ParOldGen       total 87552K, used 10241K [0x0000000080a00000, 0x0000000085f80000, 0x00000000d5900000)
  object space 87552K, 11% used [0x0000000080a00000,0x0000000081400400,0x0000000085f80000)
 Metaspace       used 20407K, capacity 21108K, committed 21248K, reserved 1067008K
  class space    used 2768K, capacity 2967K, committed 3072K, reserved 1048576K
}
Event: 1.254 GC heap before
{Heap before GC invocations=3 (full 1):
 PSYoungGen      total 38400K, used 5109K [0x00000000d5900000, 0x00000000da400000, 0x0000000100000000)
  eden space 33280K, 0% used [0x00000000d5900000,0x00000000d5900000,0x00000000d7980000)
  from space 5120K, 99% used [0x00000000d7e80000,0x00000000d837d798,0x00000000d8380000)
  to   space 5120K, 0% used [0x00000000d7980000,0x00000000d7980000,0x00000000d7e80000)
 ParOldGen       total 87552K, used 10241K [0x0000000080a00000, 0x0000000085f80000, 0x00000000d5900000)
  object space 87552K, 11% used [0x0000000080a00000,0x0000000081400400,0x0000000085f80000)
 Metaspace       used 20407K, capacity 21108K, committed 21248K, reserved 1067008K
  class space    used 2768K, capacity 2967K, committed 3072K, reserved 1048576K
Event: 1.285 GC heap after
Heap after GC invocations=3 (full 1):
 PSYoungGen      total 38400K, used 0K [0x00000000d5900000, 0x00000000da400000, 0x0000000100000000)
  eden space 33280K, 0% used [0x00000000d5900000,0x00000000d5900000,0x00000000d7980000)
  from space 5120K, 0% used [0x00000000d7e80000,0x00000000d7e80000,0x00000000d8380000)
  to   space 5120K, 0% used [0x00000000d7980000,0x00000000d7980000,0x00000000d7e80000)
 ParOldGen       total 74752K, used 10045K [0x0000000080a00000, 0x0000000085300000, 0x00000000d5900000)
  object space 74752K, 13% used [0x0000000080a00000,0x00000000813cf628,0x0000000085300000)
 Metaspace       used 20407K, capacity 21108K, committed 21248K, reserved 1067008K
  class space    used 2768K, capacity 2967K, committed 3072K, reserved 1048576K
}
Event: 10.369 GC heap before
{Heap before GC invocations=4 (full 1):
 PSYoungGen      total 38400K, used 33280K [0x00000000d5900000, 0x00000000da400000, 0x0000000100000000)
  eden space 33280K, 100% used [0x00000000d5900000,0x00000000d7980000,0x00000000d7980000)
  from space 5120K, 0% used [0x00000000d7e80000,0x00000000d7e80000,0x00000000d8380000)
  to   space 5120K, 0% used [0x00000000d7980000,0x00000000d7980000,0x00000000d7e80000)
 ParOldGen       total 74752K, used 10045K [0x0000000080a00000, 0x0000000085300000, 0x00000000d5900000)
  object space 74752K, 13% used [0x0000000080a00000,0x00000000813cf628,0x0000000085300000)
 Metaspace       used 24813K, capacity 25672K, committed 25856K, reserved 1071104K
  class space    used 3293K, capacity 3517K, committed 3584K, reserved 1048576K
Event: 10.373 GC heap after
Heap after GC invocations=4 (full 1):
 PSYoungGen      total 38400K, used 5118K [0x00000000d5900000, 0x00000000d8c00000, 0x0000000100000000)
  eden space 33280K, 0% used [0x00000000d5900000,0x00000000d5900000,0x00000000d7980000)
  from space 5120K, 99% used [0x00000000d7980000,0x00000000d7e7f808,0x00000000d7e80000)
  to   space 5120K, 0% used [0x00000000d8700000,0x00000000d8700000,0x00000000d8c00000)
 ParOldGen       total 74752K, used 10838K [0x0000000080a00000, 0x0000000085300000, 0x00000000d5900000)
  object space 74752K, 14% used [0x0000000080a00000,0x0000000081495b70,0x0000000085300000)
 Metaspace       used 24813K, capacity 25672K, committed 25856K, reserved 1071104K
  class space    used 3293K, capacity 3517K, committed 3584K, reserved 1048576K
}

Deoptimization events (10 events):
Event: 2.448 Thread 0x000000001c8ff000 Uncommon trap: reason=unstable_if action=reinterpret pc=0x000000000311fa70 method=java.lang.String.indexOf([CII[CIII)I @ 27
Event: 2.448 Thread 0x000000001c8ff000 Uncommon trap: reason=unstable_if action=reinterpret pc=0x00000000035c262c method=java.lang.String.substring(I)Ljava/lang/String; @ 35
Event: 5.305 Thread 0x000000001ca31000 Uncommon trap: reason=unstable_if action=reinterpret pc=0x000000000324c0e0 method=javafx.beans.property.ObjectPropertyBase.get()Ljava/lang/Object; @ 9
Event: 5.344 Thread 0x000000001ca31000 Uncommon trap: reason=bimorphic action=maybe_recompile pc=0x00000000035884bc method=java.io.DataInputStream.readChar()C @ 4
Event: 5.344 Thread 0x000000001ca31000 Uncommon trap: reason=bimorphic action=maybe_recompile pc=0x00000000035884bc method=java.io.DataInputStream.readChar()C @ 4
Event: 5.344 Thread 0x000000001ca31000 Uncommon trap: reason=bimorphic action=maybe_recompile pc=0x00000000035884bc method=java.io.DataInputStream.readChar()C @ 4
Event: 5.344 Thread 0x000000001ca31000 Uncommon trap: reason=bimorphic action=maybe_recompile pc=0x00000000035884bc method=java.io.DataInputStream.readChar()C @ 4
Event: 5.351 Thread 0x000000001ca31000 Uncommon trap: reason=class_check action=maybe_recompile pc=0x000000000361bd90 method=javafx.scene.Node.updateLocalToParentTransform()V @ 11
Event: 11.169 Thread 0x000000001cea7800 Uncommon trap: reason=unstable_if action=reinterpret pc=0x000000000362a588 method=java.security.AccessControlContext.optimize()Ljava/security/AccessControlContext; @ 49
Event: 11.946 Thread 0x000000001ca89800 Uncommon trap: reason=unstable_if action=reinterpret pc=0x0000000003386340 method=java.awt.Component.inside(II)Z @ 9

Classes redefined (0 events):
No events

Internal exceptions (10 events):
Event: 0.952 Thread 0x000000001ca31000 Exception <a 'sun/nio/fs/WindowsException'> (0x00000000d7788fc0) thrown at [C:\re\workspace\8-2-build-windows-amd64-cygwin\jdk8u201\12322\hotspot\src\share\vm\prims\jni.cpp, line 709]
Event: 0.954 Thread 0x000000001ca31000 Exception <a 'sun/nio/fs/WindowsException'> (0x00000000d778aca8) thrown at [C:\re\workspace\8-2-build-windows-amd64-cygwin\jdk8u201\12322\hotspot\src\share\vm\prims\jni.cpp, line 709]
Event: 1.763 Thread 0x000000001ca31000 Implicit null exception at 0x000000000324976a to 0x00000000032497b1
Event: 11.169 Thread 0x000000001cea7800 Implicit null exception at 0x0000000003628844 to 0x000000000362a571
Event: 19.927 Thread 0x000000001ca31000 Exception <a 'java/lang/StackOverflowError'> (0x00000000d6d80a38) thrown at [C:\re\workspace\8-2-build-windows-amd64-cygwin\jdk8u201\12322\hotspot\src\share\vm\runtime\javaCalls.cpp, line 386]
Event: 19.927 Thread 0x000000001ca31000 Exception <a 'java/lang/StackOverflowError'> (0x00000000d6d83be8) thrown at [C:\re\workspace\8-2-build-windows-amd64-cygwin\jdk8u201\12322\hotspot\src\share\vm\runtime\javaCalls.cpp, line 386]
Event: 19.927 Thread 0x000000001ca31000 Exception <a 'java/lang/StackOverflowError'> (0x00000000d6d87010) thrown at [C:\re\workspace\8-2-build-windows-amd64-cygwin\jdk8u201\12322\hotspot\src\share\vm\runtime\javaCalls.cpp, line 386]
Event: 19.927 Thread 0x000000001ca31000 Exception <a 'java/lang/StackOverflowError'> (0x00000000d6d8a1c0) thrown at [C:\re\workspace\8-2-build-windows-amd64-cygwin\jdk8u201\12322\hotspot\src\share\vm\runtime\javaCalls.cpp, line 386]
Event: 19.936 Thread 0x000000001ca31000 Exception <a 'java/lang/StackOverflowError'> (0x00000000d6e04640) thrown at [C:\re\workspace\8-2-build-windows-amd64-cygwin\jdk8u201\12322\hotspot\src\share\vm\runtime\javaCalls.cpp, line 386]
Event: 19.936 Thread 0x000000001ca31000 Exception <a 'java/lang/StackOverflowError'> (0x00000000d6e077f0) thrown at [C:\re\workspace\8-2-build-windows-amd64-cygwin\jdk8u201\12322\hotspot\src\share\vm\runtime\javaCalls.cpp, line 386]

Events (10 events):
Event: 19.925 Thread 0x0000000019be4800 flushing nmethod 0x0000000003352c90
Event: 19.925 Thread 0x0000000019be4800 flushing nmethod 0x0000000003369950
Event: 19.925 Thread 0x0000000019be4800 flushing nmethod 0x0000000003369fd0
Event: 19.925 Thread 0x0000000019be4800 flushing nmethod 0x00000000033738d0
Event: 19.927 Thread 0x0000000019be3800 flushing nmethod 0x0000000003432210
Event: 19.928 Thread 0x0000000019be3000 flushing nmethod 0x0000000003453e10
Event: 19.929 Thread 0x0000000019be2000 flushing nmethod 0x0000000003587ad0
Event: 19.930 Thread 0x0000000019be3800 flushing nmethod 0x000000000364ab50
Event: 19.935 Executing VM operation: RevokeBias
Event: 19.935 Executing VM operation: RevokeBias done


Dynamic libraries:
0x00007ff79c930000 - 0x00007ff79c967000 	C:\Program Files\Java\jre1.8.0_201\bin\javaw.exe
0x00007ffce6f00000 - 0x00007ffce70f0000 	C:\WINDOWS\SYSTEM32\ntdll.dll
0x00007ffce5190000 - 0x00007ffce5242000 	C:\WINDOWS\System32\KERNEL32.DLL
0x00007ffce4c00000 - 0x00007ffce4ea3000 	C:\WINDOWS\System32\KERNELBASE.dll
0x00007ffce4fb0000 - 0x00007ffce5053000 	C:\WINDOWS\System32\ADVAPI32.dll
0x00007ffce6d80000 - 0x00007ffce6e1e000 	C:\WINDOWS\System32\msvcrt.dll
0x00007ffce6e20000 - 0x00007ffce6eb7000 	C:\WINDOWS\System32\sechost.dll
0x00007ffce5070000 - 0x00007ffce5190000 	C:\WINDOWS\System32\RPCRT4.dll
0x00007ffce52c0000 - 0x00007ffce5454000 	C:\WINDOWS\System32\USER32.dll
0x00007ffce3e90000 - 0x00007ffce3eb1000 	C:\WINDOWS\System32\win32u.dll
0x00007ffce5dc0000 - 0x00007ffce5de6000 	C:\WINDOWS\System32\GDI32.dll
0x00007ffce3f20000 - 0x00007ffce40b4000 	C:\WINDOWS\System32\gdi32full.dll
0x00007ffce48c0000 - 0x00007ffce495e000 	C:\WINDOWS\System32\msvcp_win.dll
0x00007ffce4eb0000 - 0x00007ffce4faa000 	C:\WINDOWS\System32\ucrtbase.dll
0x00007ffcd5860000 - 0x00007ffcd5ae5000 	C:\WINDOWS\WinSxS\amd64_microsoft.windows.common-controls_6595b64144ccf1df_6.0.18362.778_none_e6c6b761130d4fb8\COMCTL32.dll
0x00007ffce5a00000 - 0x00007ffce5d36000 	C:\WINDOWS\System32\combase.dll
0x00007ffce4ad0000 - 0x00007ffce4b50000 	C:\WINDOWS\System32\bcryptPrimitives.dll
0x00007ffce6c80000 - 0x00007ffce6cae000 	C:\WINDOWS\System32\IMM32.DLL
0x000000006bef0000 - 0x000000006bfc1000 	C:\Program Files\Java\jre1.8.0_201\bin\msvcr100.dll
0x000000006bfd0000 - 0x000000006c874000 	C:\Program Files\Java\jre1.8.0_201\bin\server\jvm.dll
0x00007ffce5060000 - 0x00007ffce5068000 	C:\WINDOWS\System32\PSAPI.DLL
0x00007ffce0750000 - 0x00007ffce0774000 	C:\WINDOWS\SYSTEM32\WINMM.dll
0x00007ffcd8550000 - 0x00007ffcd8559000 	C:\WINDOWS\SYSTEM32\WSOCK32.dll
0x00007ffcde240000 - 0x00007ffcde24a000 	C:\WINDOWS\SYSTEM32\VERSION.dll
0x00007ffce5990000 - 0x00007ffce59ff000 	C:\WINDOWS\System32\WS2_32.dll
0x00007ffce0720000 - 0x00007ffce074d000 	C:\WINDOWS\SYSTEM32\WINMMBASE.dll
0x00007ffce40c0000 - 0x00007ffce410a000 	C:\WINDOWS\System32\cfgmgr32.dll
0x00007ffcd7ae0000 - 0x00007ffcd7aef000 	C:\Program Files\Java\jre1.8.0_201\bin\verify.dll
0x00007ffcd0940000 - 0x00007ffcd0969000 	C:\Program Files\Java\jre1.8.0_201\bin\java.dll
0x00007ffcd2c00000 - 0x00007ffcd2c16000 	C:\Program Files\Java\jre1.8.0_201\bin\zip.dll
0x00007ffce6570000 - 0x00007ffce6c55000 	C:\WINDOWS\System32\SHELL32.dll
0x00007ffce5880000 - 0x00007ffce5929000 	C:\WINDOWS\System32\shcore.dll
0x00007ffce4140000 - 0x00007ffce48c0000 	C:\WINDOWS\System32\windows.storage.dll
0x00007ffce3e60000 - 0x00007ffce3e83000 	C:\WINDOWS\System32\profapi.dll
0x00007ffce3dd0000 - 0x00007ffce3e1a000 	C:\WINDOWS\System32\powrprof.dll
0x00007ffce3dc0000 - 0x00007ffce3dd0000 	C:\WINDOWS\System32\UMPDC.dll
0x00007ffce5930000 - 0x00007ffce5982000 	C:\WINDOWS\System32\shlwapi.dll
0x00007ffce3e20000 - 0x00007ffce3e31000 	C:\WINDOWS\System32\kernel.appcore.dll
0x00007ffce4960000 - 0x00007ffce4977000 	C:\WINDOWS\System32\cryptsp.dll
0x00007ffcb6eb0000 - 0x00007ffcb7049000 	C:\Program Files\Java\jre1.8.0_201\bin\awt.dll
0x00007ffce5460000 - 0x00007ffce5524000 	C:\WINDOWS\System32\OLEAUT32.dll
0x00007ffce1c30000 - 0x00007ffce1cbf000 	C:\WINDOWS\SYSTEM32\apphelp.dll
0x00007ffce2230000 - 0x00007ffce225d000 	C:\WINDOWS\system32\DWMAPI.DLL
0x00007ffce1df0000 - 0x00007ffce1e89000 	C:\WINDOWS\system32\uxtheme.dll
0x00007ffcbcbb0000 - 0x00007ffcbcd06000 	C:\WINDOWS\system32\opengl32.dll
0x00007ffcd6ea0000 - 0x00007ffcd6ecc000 	C:\WINDOWS\SYSTEM32\GLU32.dll
0x00007ffce2a30000 - 0x00007ffce2a50000 	C:\WINDOWS\SYSTEM32\dxcore.dll
0x00007ffce5530000 - 0x00007ffce5666000 	C:\WINDOWS\System32\MSCTF.dll
0x00007ffce6410000 - 0x00007ffce6567000 	C:\WINDOWS\System32\ole32.dll
0x00007ffcb9250000 - 0x00007ffcb9417000 	C:\WINDOWS\system32\d3d9.dll
0x00007ffcdba10000 - 0x00007ffcdbbed000 	C:\WINDOWS\System32\DriverStore\FileRepository\c0346830.inf_amd64_f723e13ffb3b2652\B345901\aticfx64.dll
0x00007ffcd15e0000 - 0x00007ffcd1610000 	C:\WINDOWS\System32\DriverStore\FileRepository\c0346830.inf_amd64_f723e13ffb3b2652\B345901\atiu9p64.dll
0x00007ffcafa20000 - 0x00007ffcb06ee000 	C:\WINDOWS\System32\DriverStore\FileRepository\c0346830.inf_amd64_f723e13ffb3b2652\B345901\atiumd64.dll
0x00007ffcd6bb0000 - 0x00007ffcd6da4000 	C:\WINDOWS\SYSTEM32\dbghelp.dll
0x00007ffcd6940000 - 0x00007ffcd696a000 	C:\WINDOWS\SYSTEM32\dbgcore.DLL
0x000000006c880000 - 0x000000006d614000 	C:\WINDOWS\System32\DriverStore\FileRepository\c0346830.inf_amd64_f723e13ffb3b2652\B345901\atiumd6a.dll
0x00007ffcda460000 - 0x00007ffcda48b000 	C:\WINDOWS\SYSTEM32\amdihk64.dll
0x0000000002ab0000 - 0x0000000002ab3000 	C:\Program Files\Java\jre1.8.0_201\bin\api-ms-win-core-console-l1-1-0.dll
0x0000000002ac0000 - 0x0000000002ac3000 	C:\Program Files\Java\jre1.8.0_201\bin\api-ms-win-core-datetime-l1-1-0.dll
0x0000000002ad0000 - 0x0000000002ad3000 	C:\Program Files\Java\jre1.8.0_201\bin\api-ms-win-core-debug-l1-1-0.dll
0x000000001cfd0000 - 0x000000001cfd3000 	C:\Program Files\Java\jre1.8.0_201\bin\api-ms-win-core-errorhandling-l1-1-0.dll
0x000000001cfe0000 - 0x000000001cfe4000 	C:\Program Files\Java\jre1.8.0_201\bin\api-ms-win-core-file-l1-1-0.dll
0x000000001cff0000 - 0x000000001cff3000 	C:\Program Files\Java\jre1.8.0_201\bin\api-ms-win-core-file-l1-2-0.dll
0x000000001d000000 - 0x000000001d003000 	C:\Program Files\Java\jre1.8.0_201\bin\api-ms-win-core-file-l2-1-0.dll
0x000000001d010000 - 0x000000001d013000 	C:\Program Files\Java\jre1.8.0_201\bin\api-ms-win-core-handle-l1-1-0.dll
0x000000001d020000 - 0x000000001d023000 	C:\Program Files\Java\jre1.8.0_201\bin\api-ms-win-core-heap-l1-1-0.dll
0x000000001d530000 - 0x000000001d533000 	C:\Program Files\Java\jre1.8.0_201\bin\api-ms-win-core-interlocked-l1-1-0.dll
0x00000000247a0000 - 0x00000000247a3000 	C:\Program Files\Java\jre1.8.0_201\bin\api-ms-win-core-libraryloader-l1-1-0.dll
0x00000000247b0000 - 0x00000000247b3000 	C:\Program Files\Java\jre1.8.0_201\bin\api-ms-win-core-localization-l1-2-0.dll
0x00000000247c0000 - 0x00000000247c3000 	C:\Program Files\Java\jre1.8.0_201\bin\api-ms-win-core-memory-l1-1-0.dll
0x00000000247d0000 - 0x00000000247d3000 	C:\Program Files\Java\jre1.8.0_201\bin\api-ms-win-core-namedpipe-l1-1-0.dll
0x00000000247e0000 - 0x00000000247e3000 	C:\Program Files\Java\jre1.8.0_201\bin\api-ms-win-core-processenvironment-l1-1-0.dll
0x00000000247f0000 - 0x00000000247f3000 	C:\Program Files\Java\jre1.8.0_201\bin\api-ms-win-core-processthreads-l1-1-0.dll
0x0000000024800000 - 0x0000000024803000 	C:\Program Files\Java\jre1.8.0_201\bin\api-ms-win-core-processthreads-l1-1-1.dll
0x0000000024810000 - 0x0000000024813000 	C:\Program Files\Java\jre1.8.0_201\bin\api-ms-win-core-profile-l1-1-0.dll
0x0000000024820000 - 0x0000000024823000 	C:\Program Files\Java\jre1.8.0_201\bin\api-ms-win-core-rtlsupport-l1-1-0.dll
0x0000000024830000 - 0x0000000024833000 	C:\Program Files\Java\jre1.8.0_201\bin\api-ms-win-core-string-l1-1-0.dll
0x0000000024840000 - 0x0000000024843000 	C:\Program Files\Java\jre1.8.0_201\bin\api-ms-win-core-synch-l1-1-0.dll
0x0000000024850000 - 0x0000000024853000 	C:\Program Files\Java\jre1.8.0_201\bin\api-ms-win-core-synch-l1-2-0.dll
0x0000000024860000 - 0x0000000024863000 	C:\Program Files\Java\jre1.8.0_201\bin\api-ms-win-core-sysinfo-l1-1-0.dll
0x0000000024870000 - 0x0000000024873000 	C:\Program Files\Java\jre1.8.0_201\bin\api-ms-win-core-timezone-l1-1-0.dll
0x0000000024880000 - 0x0000000024883000 	C:\Program Files\Java\jre1.8.0_201\bin\api-ms-win-core-util-l1-1-0.dll
0x0000000024890000 - 0x0000000024893000 	C:\Program Files\Java\jre1.8.0_201\bin\api-ms-win-crt-conio-l1-1-0.dll
0x00000000248a0000 - 0x00000000248a4000 	C:\Program Files\Java\jre1.8.0_201\bin\api-ms-win-crt-convert-l1-1-0.dll
0x00000000248b0000 - 0x00000000248b3000 	C:\Program Files\Java\jre1.8.0_201\bin\api-ms-win-crt-environment-l1-1-0.dll
0x00000000248c0000 - 0x00000000248c3000 	C:\Program Files\Java\jre1.8.0_201\bin\api-ms-win-crt-filesystem-l1-1-0.dll
0x00000000248d0000 - 0x00000000248d3000 	C:\Program Files\Java\jre1.8.0_201\bin\api-ms-win-crt-heap-l1-1-0.dll
0x00000000248e0000 - 0x00000000248e3000 	C:\Program Files\Java\jre1.8.0_201\bin\api-ms-win-crt-locale-l1-1-0.dll
0x00000000248f0000 - 0x00000000248f5000 	C:\Program Files\Java\jre1.8.0_201\bin\api-ms-win-crt-math-l1-1-0.dll
0x0000000024900000 - 0x0000000024905000 	C:\Program Files\Java\jre1.8.0_201\bin\api-ms-win-crt-multibyte-l1-1-0.dll
0x0000000024910000 - 0x0000000024920000 	C:\Program Files\Java\jre1.8.0_201\bin\api-ms-win-crt-private-l1-1-0.dll
0x0000000024920000 - 0x0000000024923000 	C:\Program Files\Java\jre1.8.0_201\bin\api-ms-win-crt-process-l1-1-0.dll
0x0000000024930000 - 0x0000000024934000 	C:\Program Files\Java\jre1.8.0_201\bin\api-ms-win-crt-runtime-l1-1-0.dll
0x0000000024940000 - 0x0000000024944000 	C:\Program Files\Java\jre1.8.0_201\bin\api-ms-win-crt-stdio-l1-1-0.dll
0x0000000024950000 - 0x0000000024954000 	C:\Program Files\Java\jre1.8.0_201\bin\api-ms-win-crt-string-l1-1-0.dll
0x0000000024960000 - 0x0000000024963000 	C:\Program Files\Java\jre1.8.0_201\bin\api-ms-win-crt-time-l1-1-0.dll
0x0000000024970000 - 0x0000000024973000 	C:\Program Files\Java\jre1.8.0_201\bin\api-ms-win-crt-utility-l1-1-0.dll
0x00007ffcbf430000 - 0x00007ffcbf526000 	C:\Program Files\Java\jre1.8.0_201\bin\ucrtbase.dll
0x00007ffce07a0000 - 0x00007ffce07b6000 	C:\Program Files\Java\jre1.8.0_201\bin\vcruntime140.dll
0x00007ffcc5d70000 - 0x00007ffcc5e0c000 	C:\Program Files\Java\jre1.8.0_201\bin\msvcp140.dll
0x00007ffccc7f0000 - 0x00007ffccc841000 	C:\Program Files\Java\jre1.8.0_201\bin\concrt140.dll
0x00007ffcd6b30000 - 0x00007ffcd6b53000 	C:\Program Files\Java\jre1.8.0_201\bin\prism_d3d.dll
0x00007ffccc6a0000 - 0x00007ffccc6e9000 	C:\Program Files\Java\jre1.8.0_201\bin\glass.dll
0x00007ffce6cb0000 - 0x00007ffce6d80000 	C:\WINDOWS\System32\COMDLG32.dll
0x00007ffccbca0000 - 0x00007ffccbce7000 	C:\Program Files\Java\jre1.8.0_201\bin\fontmanager.dll
0x00007ffcd3920000 - 0x00007ffcd39be000 	C:\WINDOWS\System32\TextInputFramework.dll
0x00007ffcdefa0000 - 0x00007ffcdf2ca000 	C:\WINDOWS\System32\CoreUIComponents.dll
0x00007ffce1a20000 - 0x00007ffce1af4000 	C:\WINDOWS\System32\CoreMessaging.dll
0x00007ffce2e20000 - 0x00007ffce2e51000 	C:\WINDOWS\SYSTEM32\ntmarta.dll
0x00007ffcded00000 - 0x00007ffcdee53000 	C:\WINDOWS\SYSTEM32\wintypes.dll
0x00007ffccd540000 - 0x00007ffccd5a5000 	C:\WINDOWS\system32\Oleacc.dll
0x00007ffcd7b40000 - 0x00007ffcd7b54000 	C:\Program Files\Java\jre1.8.0_201\bin\javafx_font.dll
0x00007ffcce4d0000 - 0x00007ffcce7ce000 	C:\WINDOWS\SYSTEM32\dwrite.dll
0x00007ffcd9b90000 - 0x00007ffcd9e36000 	C:\WINDOWS\System32\iertutil.dll
0x00007ffce5670000 - 0x00007ffce5712000 	C:\WINDOWS\System32\clbcatq.dll
0x00007ffcba050000 - 0x00007ffcba11f000 	C:\Windows\System32\IME\IMEKR\imkrtip.dll
0x00007ffce2870000 - 0x00007ffce295f000 	C:\WINDOWS\SYSTEM32\PROPSYS.dll
0x00007ffcb9f10000 - 0x00007ffcba049000 	C:\Windows\System32\IME\shared\imetip.dll
0x00007ffcc7840000 - 0x00007ffcc79f3000 	C:\WINDOWS\SYSTEM32\DUI70.dll
0x00007ffcb9ed0000 - 0x00007ffcb9f0d000 	C:\Windows\System32\IME\IMEKR\imkrapi.dll
0x00007ffcb9e90000 - 0x00007ffcb9ecc000 	C:\Windows\System32\IME\shared\imjkapi.dll
0x00007ffc9a6c0000 - 0x00007ffc9dd7b000 	C:\Program Files\Java\jre1.8.0_201\bin\jfxwebkit.dll
0x00007ffcde800000 - 0x00007ffcde9af000 	C:\WINDOWS\SYSTEM32\WindowsCodecs.dll
0x00007ffce31a0000 - 0x00007ffce31d3000 	C:\WINDOWS\system32\rsaenh.dll
0x00007ffce4110000 - 0x00007ffce4136000 	C:\WINDOWS\System32\bcrypt.dll
0x00007ffccc460000 - 0x00007ffccc49a000 	C:\WINDOWS\system32\dataexchange.dll
0x00007ffce1270000 - 0x00007ffce14cb000 	C:\WINDOWS\system32\d3d11.dll
0x00007ffce14d0000 - 0x00007ffce16ac000 	C:\WINDOWS\system32\dcomp.dll

VM Arguments:
jvm_args: -Dfile.encoding=MS949 
java_command: JFXTest
java_class_path (initial): C:\Users\Baya\Documents\kumoh\20_1\창의프로젝트\bistro\project\bin
Launcher Type: SUN_STANDARD

Environment Variables:
JAVA_HOME=C:\Program Files\Java\jdk1.8.0_201
CLASSPATH=C:\Program Files\Java\jdk1.8.0_201\lib\;.
PATH=C:/Program Files/Java/jre1.8.0_201/bin/server;C:/Program Files/Java/jre1.8.0_201/bin;C:/Program Files/Java/jre1.8.0_201/lib/amd64;C:\Program Files (x86)\Common Files\Oracle\Java\javapath;C:\WINDOWS\system32;C:\WINDOWS;C:\WINDOWS\System32\Wbem;C:\WINDOWS\System32\WindowsPowerShell\v1.0\;C:\WINDOWS\System32\OpenSSH\;C:\Program Files\Java\jdk1.8.0_201\bin;C:\Program Files (x86)\Microsoft SQL Server\Client SDK\ODBC\110\Tools\Binn\;C:\Program Files (x86)\Microsoft SQL Server\120\Tools\Binn\;C:\Program Files (x86)\Microsoft SQL Server\120\DTS\Binn\;C:\Program Files\dotnet\;C:\Program Files\Git\cmd;C:\Program Files\nodejs\;C:\Users\Baya\AppData\Local\Microsoft\WindowsApps;C:\Users\Baya\AppData\Local\Programs\Microsoft VS Code\bin;C:\Users\Baya\.dotnet\tools;C:\Users\Baya\AppData\Roaming\npm;C:\MinGW\bin;;%USERPROFILE%\AppData\Local\Microsoft\WindowsApps;C:\WINDOWS\system32;
USERNAME=Baya
OS=Windows_NT
PROCESSOR_IDENTIFIER=AMD64 Family 23 Model 1 Stepping 1, AuthenticAMD



---------------  S Y S T E M  ---------------

OS: Windows 10.0 , 64 bit Build 18362 (10.0.18362.778)

CPU:total 16 (initial active 16) (16 cores per cpu, 1 threads per core) family 23 model 1 stepping 1, cmov, cx8, fxsr, mmx, sse, sse2, sse3, ssse3, sse4.1, sse4.2, popcnt, avx, avx2, aes, clmul, mmxext, 3dnowpref, lzcnt, sse4a, tsc, tscinvbit, tscinv, bmi1

Memory: 4k page, physical 8340304k(1448484k free), swap 15156048k(1926216k free)

vm_info: Java HotSpot(TM) 64-Bit Server VM (25.201-b09) for windows-amd64 JRE (1.8.0_201-b09), built on Dec 15 2018 18:36:39 by "java_re" with MS VC++ 10.0 (VS2010)

time: Tue May 05 13:47:26 2020
timezone: 대한민국 표준시
elapsed time: 20 seconds (0d 0h 0m 20s)

